Estoque_TI.exe: 00007DB8: 14:07:51 []:>--------------------------------------------------------------<
Estoque_TI.exe: 00007DB8: 14:07:51 [TUniServerModule]:Server First Init.
Estoque_TI.exe: 00007DB8: 14:07:51 [TUniServerModule]:Starting HTTP Server on Port: 8077...
Estoque_TI.exe: 00007DB8: 14:07:51 [TUniServerModule]:HTTP Server Started on Port: 8077
Estoque_TI.exe: 00003A90: 14:08:45 []:>--------------------------------------------------------------<
Estoque_TI.exe: 00003A90: 14:08:45 [TUniServerModule]:Server First Init.
Estoque_TI.exe: 00003A90: 14:08:45 [TUniServerModule]:Global Cache Folder Erased. <11> Files deleted.
Estoque_TI.exe: 00003A90: 14:08:45 [TUniServerModule]:Starting HTTP Server on Port: 8050...
Estoque_TI.exe: 00003A90: 14:08:45 [TUniServerModule]:HTTP Server Started on Port: 8050
Estoque_TI.exe: 0000313C: 14:15:46 []:>--------------------------------------------------------------<
Estoque_TI.exe: 0000313C: 14:15:46 [TUniServerModule]:Server First Init.
Estoque_TI.exe: 0000313C: 14:15:46 [TUniServerModule]:Global Cache Folder Erased. <17> Files deleted.
Estoque_TI.exe: 0000313C: 14:15:46 [TUniServerModule]:Starting HTTP Server on Port: 8050...
Estoque_TI.exe: 0000313C: 14:15:46 [TUniServerModule]:HTTP Server Started on Port: 8050
Estoque_TI.exe: 000095DC: 14:18:12 []:>--------------------------------------------------------------<
Estoque_TI.exe: 000095DC: 14:18:12 [TUniServerModule]:Server First Init.
Estoque_TI.exe: 000095DC: 14:18:12 [TUniServerModule]:Global Cache Folder Erased. <1> Files deleted.
Estoque_TI.exe: 000095DC: 14:18:12 [TUniServerModule]:Starting HTTP Server on Port: 8050...
Estoque_TI.exe: 000095DC: 14:18:12 [TUniServerModule]:HTTP Server Started on Port: 8050
Estoque_TI.exe: 00006644: 14:19:08 []:>--------------------------------------------------------------<
Estoque_TI.exe: 00006644: 14:19:08 [TUniServerModule]:Server First Init.
Estoque_TI.exe: 00006644: 14:19:08 [TUniServerModule]:Global Cache Folder Erased. <12> Files deleted.
Estoque_TI.exe: 00006644: 14:19:08 [TUniServerModule]:Starting HTTP Server on Port: 8050...
Estoque_TI.exe: 00006644: 14:19:08 [TUniServerModule]:HTTP Server Started on Port: 8050
Estoque_TI.exe: 00004420: 14:35:20 []:>--------------------------------------------------------------<
Estoque_TI.exe: 00004420: 14:35:20 [TUniServerModule]:Server First Init.
Estoque_TI.exe: 00004420: 14:35:20 [TUniServerModule]:Global Cache Folder Erased. <5> Files deleted.
Estoque_TI.exe: 00004420: 14:35:20 [TUniServerModule]:Starting HTTP Server on Port: 8050...
Estoque_TI.exe: 00004420: 14:35:20 [TUniServerModule]:HTTP Server Started on Port: 8050
Estoque_TI.exe: 00003440: 14:38:11 []:>--------------------------------------------------------------<
Estoque_TI.exe: 00003440: 14:38:11 [TUniServerModule]:Server First Init.
Estoque_TI.exe: 00003440: 14:38:11 [TUniServerModule]:Global Cache Folder Erased. <1> Files deleted.
Estoque_TI.exe: 00003440: 14:38:11 [TUniServerModule]:Starting HTTP Server on Port: 8050...
Estoque_TI.exe: 00003440: 14:38:11 [TUniServerModule]:HTTP Server Started on Port: 8050
Estoque_TI.exe: 00004A18: 14:40:15 []:>--------------------------------------------------------------<
Estoque_TI.exe: 00004A18: 14:40:15 [TUniServerModule]:Server First Init.
Estoque_TI.exe: 00004A18: 14:40:15 [TUniServerModule]:Debug Mode = ON
Estoque_TI.exe: 00004A18: 14:40:15 [TUniServerModule]:Global Cache Folder Erased. <21> Files deleted.
Estoque_TI.exe: 00004A18: 14:40:15 [TUniServerModule]:Starting HTTP Server on Port: 8050...
Estoque_TI.exe: 00004A18: 14:40:15 [TUniServerModule]:HTTP Server Started on Port: 8050
Estoque_TI.exe: 00004F3C: 14:41:52 []:>--------------------------------------------------------------<
Estoque_TI.exe: 00004F3C: 14:41:52 [TUniServerModule]:Server First Init.
Estoque_TI.exe: 00004F3C: 14:41:52 [TUniServerModule]:Global Cache Folder Erased. <13> Files deleted.
Estoque_TI.exe: 00004F3C: 14:41:52 [TUniServerModule]:Starting HTTP Server on Port: 8050...
Estoque_TI.exe: 00004F3C: 14:41:52 [TUniServerModule]:HTTP Server Started on Port: 8050
Estoque_TI.exe: 00004F3C: 14:42:08 [TUniServerModule]:Shutting Down Server.
Estoque_TI.exe: 00004F3C: 14:42:08 [TUniServerModule]:Stopping HTTP Server.
Estoque_TI.exe: 00004F3C: 14:42:09 [TUniServerModule]:HTTP Server Stopped.
Estoque_TI.exe: 00004F3C: 14:42:09 [TUniGUISessionManager]:Terminating Session manager.
Estoque_TI.exe: 00004F3C: 14:42:09 [TUniGUISessionManager]:Stopping Cache Eraser...
Estoque_TI.exe: 00004F3C: 14:42:09 [TUniGUISessionManager]:Cache Eraser Stopped.
Estoque_TI.exe: 00004F3C: 14:42:09 [TUniGUISessionManager]:Destroying Worker Threads.
Estoque_TI.exe: 00004F3C: 14:42:09 [TUniGUISessionManager]:Session manager terminated.
Estoque_TI.exe: 00004F3C: 14:42:09 [TUniServerModule]:Server Shutdown Completed.
Estoque_TI.exe: 00004F3C: 14:42:09 []:<-------------------------------------------------------------->
Estoque_TI.exe: 00004F3C: 14:42:09 [Terminated]:Exit Code: 0
Estoque_TI.exe: 00000AE8: 14:42:57 []:>--------------------------------------------------------------<
Estoque_TI.exe: 00000AE8: 14:42:57 [TUniServerModule]:Server First Init.
Estoque_TI.exe: 00000AE8: 14:42:57 [TUniServerModule]:Starting HTTP Server on Port: 8050...
Estoque_TI.exe: 00000AE8: 14:42:57 [TUniServerModule]:HTTP Server Started on Port: 8050
Estoque_TI.exe: 00004BB0: 14:46:13 []:>--------------------------------------------------------------<
Estoque_TI.exe: 00004BB0: 14:46:13 [TUniServerModule]:Server First Init.
Estoque_TI.exe: 00004BB0: 14:46:13 [TUniServerModule]:Global Cache Folder Erased. <33> Files deleted.
Estoque_TI.exe: 00004BB0: 14:46:13 [TUniServerModule]:Starting HTTP Server on Port: 8050...
Estoque_TI.exe: 00004BB0: 14:46:13 [TUniServerModule]:HTTP Server Started on Port: 8050
Estoque_TI.exe: 00007700: 14:48:19 []:>--------------------------------------------------------------<
Estoque_TI.exe: 00007700: 14:48:19 [TUniServerModule]:Server First Init.
Estoque_TI.exe: 00007700: 14:48:20 [TUniServerModule]:Global Cache Folder Erased. <12> Files deleted.
Estoque_TI.exe: 00007700: 14:48:20 [TUniServerModule]:Starting HTTP Server on Port: 8050...
Estoque_TI.exe: 00007700: 14:48:20 [TUniServerModule]:HTTP Server Started on Port: 8050
Estoque_TI.exe: 00008764: 14:48:23 [127.0.0.1]:EUniSessionException : Invalid session or session Timeout. (Session not found: KG4iTkGDsE105D438C9 ) : Addr: $00806C36
Estoque_TI.exe: 00005BFC: 14:51:09 []:>--------------------------------------------------------------<
Estoque_TI.exe: 00005BFC: 14:51:09 [TUniServerModule]:Server First Init.
Estoque_TI.exe: 00005BFC: 14:51:09 [TUniServerModule]:Global Cache Folder Erased. <52> Files deleted.
Estoque_TI.exe: 00005BFC: 14:51:09 [TUniServerModule]:Starting HTTP Server on Port: 8050...
Estoque_TI.exe: 00005BFC: 14:51:09 [TUniServerModule]:HTTP Server Started on Port: 8050
Estoque_TI.exe: 00004848: 14:51:33 []:>--------------------------------------------------------------<
Estoque_TI.exe: 00004848: 14:51:33 [TUniServerModule]:Server First Init.
Estoque_TI.exe: 00004848: 14:51:33 [TUniServerModule]:Global Cache Folder Erased. <35> Files deleted.
Estoque_TI.exe: 00004848: 14:51:33 [TUniServerModule]:Starting HTTP Server on Port: 8050...
Estoque_TI.exe: 00004848: 14:51:33 [TUniServerModule]:HTTP Server Started on Port: 8050
Estoque_TI.exe: 00000320: 14:52:22 []:>--------------------------------------------------------------<
Estoque_TI.exe: 00000320: 14:52:22 [TUniServerModule]:Server First Init.
Estoque_TI.exe: 00000320: 14:52:22 [TUniServerModule]:Global Cache Folder Erased. <36> Files deleted.
Estoque_TI.exe: 00000320: 14:52:22 [TUniServerModule]:Starting HTTP Server on Port: 8050...
Estoque_TI.exe: 00000320: 14:52:22 [TUniServerModule]:HTTP Server Started on Port: 8050
Estoque_TI.exe: 00008550: 15:01:23 []:>--------------------------------------------------------------<
Estoque_TI.exe: 00008550: 15:01:23 [TUniServerModule]:Server First Init.
Estoque_TI.exe: 00008550: 15:01:23 [TUniServerModule]:Global Cache Folder Erased. <38> Files deleted.
Estoque_TI.exe: 00008550: 15:01:23 [TUniServerModule]:Starting HTTP Server on Port: 8050...
Estoque_TI.exe: 00008550: 15:01:23 [TUniServerModule]:HTTP Server Started on Port: 8050
Estoque_TI.exe: 000082EC: 15:03:11 []:>--------------------------------------------------------------<
Estoque_TI.exe: 000082EC: 15:03:11 [TUniServerModule]:Server First Init.
Estoque_TI.exe: 000082EC: 15:03:11 [TUniServerModule]:Global Cache Folder Erased. <35> Files deleted.
Estoque_TI.exe: 000082EC: 15:03:11 [TUniServerModule]:Starting HTTP Server on Port: 8050...
Estoque_TI.exe: 000082EC: 15:03:11 [TUniServerModule]:HTTP Server Started on Port: 8050
Estoque_TI.exe: 00004F6C: 15:04:57 []:>--------------------------------------------------------------<
Estoque_TI.exe: 00004F6C: 15:04:57 [TUniServerModule]:Server First Init.
Estoque_TI.exe: 00004F6C: 15:04:57 [TUniServerModule]:Global Cache Folder Erased. <1> Files deleted.
Estoque_TI.exe: 00004F6C: 15:04:57 [TUniServerModule]:Starting HTTP Server on Port: 8050...
Estoque_TI.exe: 00004F6C: 15:04:57 [TUniServerModule]:HTTP Server Started on Port: 8050
Estoque_TI.exe: 00008E5C: 15:08:47 []:>--------------------------------------------------------------<
Estoque_TI.exe: 00008E5C: 15:08:47 [TUniServerModule]:Server First Init.
Estoque_TI.exe: 00008E5C: 15:08:48 [TUniServerModule]:Global Cache Folder Erased. <31> Files deleted.
Estoque_TI.exe: 00008E5C: 15:08:48 [TUniServerModule]:Starting HTTP Server on Port: 8050...
Estoque_TI.exe: 00008E5C: 15:08:48 [TUniServerModule]:HTTP Server Started on Port: 8050
Estoque_TI.exe: 000024FC: 15:10:08 []:>--------------------------------------------------------------<
Estoque_TI.exe: 000024FC: 15:10:08 [TUniServerModule]:Server First Init.
Estoque_TI.exe: 000024FC: 15:10:08 [TUniServerModule]:Global Cache Folder Erased. <1> Files deleted.
Estoque_TI.exe: 000024FC: 15:10:08 [TUniServerModule]:Starting HTTP Server on Port: 8050...
Estoque_TI.exe: 000024FC: 15:10:08 [TUniServerModule]:HTTP Server Started on Port: 8050
Estoque_TI.exe: 000047C8: 15:13:15 []:>--------------------------------------------------------------<
Estoque_TI.exe: 000047C8: 15:13:15 [TUniServerModule]:Server First Init.
Estoque_TI.exe: 000047C8: 15:13:15 [TUniServerModule]:Global Cache Folder Erased. <1> Files deleted.
Estoque_TI.exe: 000047C8: 15:13:15 [TUniServerModule]:Starting HTTP Server on Port: 8050...
Estoque_TI.exe: 000047C8: 15:13:15 [TUniServerModule]:HTTP Server Started on Port: 8050
Estoque_TI.exe: 00001DD0: 15:14:05 []:>--------------------------------------------------------------<
Estoque_TI.exe: 00001DD0: 15:14:05 [TUniServerModule]:Server First Init.
Estoque_TI.exe: 00001DD0: 15:14:05 [TUniServerModule]:Global Cache Folder Erased. <1> Files deleted.
Estoque_TI.exe: 00001DD0: 15:14:05 [TUniServerModule]:Starting HTTP Server on Port: 8050...
Estoque_TI.exe: 00001DD0: 15:14:05 [TUniServerModule]:HTTP Server Started on Port: 8050
Estoque_TI.exe: 000057F0: 16:26:52 []:>--------------------------------------------------------------<
Estoque_TI.exe: 000057F0: 16:26:52 [TUniServerModule]:Server First Init.
Estoque_TI.exe: 000057F0: 16:26:52 [TUniServerModule]:Global Cache Folder Erased. <16> Files deleted.
Estoque_TI.exe: 000057F0: 16:26:52 [TUniServerModule]:Starting HTTP Server on Port: 8050...
Estoque_TI.exe: 000057F0: 16:26:52 [TUniServerModule]:HTTP Server Started on Port: 8050
Estoque_TI.exe: 00000618: 16:31:46 []:>--------------------------------------------------------------<
Estoque_TI.exe: 00000618: 16:31:46 [TUniServerModule]:Server First Init.
Estoque_TI.exe: 00000618: 16:31:46 [TUniServerModule]:Global Cache Folder Erased. <44> Files deleted.
Estoque_TI.exe: 00000618: 16:31:46 [TUniServerModule]:Starting HTTP Server on Port: 8050...
Estoque_TI.exe: 00000618: 16:31:46 [TUniServerModule]:HTTP Server Started on Port: 8050
Estoque_TI.exe: 00009868: 16:31:52 []:>--------------------------------------------------------------<
Estoque_TI.exe: 00009868: 16:31:52 [TUniServerModule]:Server First Init.
Estoque_TI.exe: 00009868: 16:31:52 [TUniServerModule]:Global Cache Folder Erased. <1> Files deleted.
Estoque_TI.exe: 00009868: 16:31:52 [TUniServerModule]:Starting HTTP Server on Port: 8050...
Estoque_TI.exe: 00009868: 16:31:52 [TUniServerModule]:HTTP Server Started on Port: 8050
Estoque_TI.exe: 000065DC: 16:32:14 []:>--------------------------------------------------------------<
Estoque_TI.exe: 000065DC: 16:32:14 [TUniServerModule]:Server First Init.
Estoque_TI.exe: 000065DC: 16:32:14 [TUniServerModule]:Global Cache Folder Erased. <12> Files deleted.
Estoque_TI.exe: 000065DC: 16:32:14 [TUniServerModule]:Starting HTTP Server on Port: 8050...
Estoque_TI.exe: 000065DC: 16:32:14 [TUniServerModule]:HTTP Server Started on Port: 8050
Estoque_TI.exe: 00008C0C: 16:33:24 []:>--------------------------------------------------------------<
Estoque_TI.exe: 00008C0C: 16:33:24 [TUniServerModule]:Server First Init.
Estoque_TI.exe: 00008C0C: 16:33:24 [TUniServerModule]:Global Cache Folder Erased. <38> Files deleted.
Estoque_TI.exe: 00008C0C: 16:33:24 [TUniServerModule]:Starting HTTP Server on Port: 8050...
Estoque_TI.exe: 00008C0C: 16:33:24 [TUniServerModule]:HTTP Server Started on Port: 8050
