GestaoQIBI.exe: 00001C20: 18:27:08 []:>--------------------------------------------------------------<
GestaoQIBI.exe: 00001C20: 18:27:08 [TUniServerModule]:Server First Init.
GestaoQIBI.exe: 00001C20: 18:27:08 [TUniServerModule]:Starting HTTP Server on Port: 8084...
GestaoQIBI.exe: 00001C20: 18:27:08 [TUniServerModule]:HTTP Server Started on Port: 8084
GestaoQIBI.exe: 000019D0: 18:27:19 [HandleFileRequest[127.0.0.1]]:File not found: F:\Projeo Unigui\Desktop\GestaoQIBI\GestaoQIBI\Win32\Debug\files\files\font\yugothib.ttf
GestaoQIBI.exe: 00001BAC: 18:31:22 []:>--------------------------------------------------------------<
GestaoQIBI.exe: 00001BAC: 18:31:22 [TUniServerModule]:Server First Init.
GestaoQIBI.exe: 00001BAC: 18:31:22 [TUniServerModule]:Global Cache Folder Erased. <175> Files deleted.
GestaoQIBI.exe: 00001BAC: 18:31:22 [TUniServerModule]:Starting HTTP Server on Port: 8084...
GestaoQIBI.exe: 00001BAC: 18:31:22 [TUniServerModule]:HTTP Server Started on Port: 8084
GestaoQIBI.exe: 00001EA4: 18:31:24 [127.0.0.1]:EUniSessionException : Sessão inválida ou tempo limite de sessão. (Session not found: XntI11U1eQ107951080 ) : Addr: $008069E2
GestaoQIBI.exe: 000014C4: 18:31:25 [HandleFileRequest[127.0.0.1]]:File not found: F:\Projeo Unigui\Desktop\GestaoQIBI\GestaoQIBI\Win32\Debug\files\files\font\yugothib.ttf
GestaoQIBI.exe: 00001560: 18:34:03 []:>--------------------------------------------------------------<
GestaoQIBI.exe: 00001560: 18:34:03 [TUniServerModule]:Server First Init.
GestaoQIBI.exe: 00001560: 18:34:03 [TUniServerModule]:Global Cache Folder Erased. <165> Files deleted.
GestaoQIBI.exe: 00001560: 18:34:03 [TUniServerModule]:Starting HTTP Server on Port: 8084...
GestaoQIBI.exe: 00001560: 18:34:03 [TUniServerModule]:HTTP Server Started on Port: 8084
GestaoQIBI.exe: 00002090: 18:34:03 [127.0.0.1]:EUniSessionException : Sessão inválida ou tempo limite de sessão. (Session not found: dkRt49fpxN10795119D ) : Addr: $008069E2
GestaoQIBI.exe: 000027D4: 18:34:04 [HandleFileRequest[127.0.0.1]]:File not found: F:\Projeo Unigui\Desktop\GestaoQIBI\GestaoQIBI\Win32\Debug\files\files\font\yugothib.ttf
GestaoQIBI.exe: 00001EEC: 18:38:46 []:>--------------------------------------------------------------<
GestaoQIBI.exe: 00001EEC: 18:38:46 [TUniServerModule]:Server First Init.
GestaoQIBI.exe: 00001EEC: 18:38:46 [TUniServerModule]:Global Cache Folder Erased. <165> Files deleted.
GestaoQIBI.exe: 00001EEC: 18:38:46 [TUniServerModule]:Starting HTTP Server on Port: 8084...
GestaoQIBI.exe: 00001EEC: 18:38:46 [TUniServerModule]:HTTP Server Started on Port: 8084
GestaoQIBI.exe: 000013E4: 18:38:48 [127.0.0.1]:EUniSessionException : Sessão inválida ou tempo limite de sessão. (Session not found: dQeFTW2Idn107951255 ) : Addr: $008069E2
GestaoQIBI.exe: 00001BF0: 18:38:49 [HandleFileRequest[127.0.0.1]]:File not found: F:\Projeo Unigui\Desktop\GestaoQIBI\GestaoQIBI\Win32\Debug\files\files\font\yugothib.ttf
GestaoQIBI.exe: 00001EEC: 18:39:49 [TUniServerModule]:Shutting Down Server.
GestaoQIBI.exe: 00001EEC: 18:39:49 [TUniServerModule]:Stopping HTTP Server.
GestaoQIBI.exe: 00001EEC: 18:39:49 [TUniServerModule]:HTTP Server Stopped.
GestaoQIBI.exe: 00001EEC: 18:39:49 [TUniGUISessionManager]:Terminating Session manager.
GestaoQIBI.exe: 00001EEC: 18:39:49 [TUniGUISessionManager]:Stopping Cache Eraser...
GestaoQIBI.exe: 00001EEC: 18:39:49 [TUniGUISessionManager]:Cache Eraser Stopped.
GestaoQIBI.exe: 00001EEC: 18:39:49 [TUniGUISessionManager]:Destroying Worker Threads.
GestaoQIBI.exe: 00001EEC: 18:39:49 [TUniGUISessionManager]:Session manager terminated.
GestaoQIBI.exe: 00001EEC: 18:39:49 [TUniServerModule]:Server Shutdown Completed.
GestaoQIBI.exe: 00001EEC: 18:39:49 []:<-------------------------------------------------------------->
GestaoQIBI.exe: 00001EEC: 18:39:49 [Terminated]:Exit Code: 0
GestaoQIBI.exe: 00000454: 18:41:24 []:>--------------------------------------------------------------<
GestaoQIBI.exe: 00000454: 18:41:24 [TUniServerModule]:Server First Init.
GestaoQIBI.exe: 00000454: 18:41:24 [TUniServerModule]:Starting HTTP Server on Port: 8084...
GestaoQIBI.exe: 00000454: 18:41:24 [TUniServerModule]:HTTP Server Started on Port: 8084
GestaoQIBI.exe: 000021AC: 18:41:35 [HandleFileRequest[127.0.0.1]]:File not found: F:\PROJETO DELPHI\Projeo Unigui\Desktop\GestaoQIBI\GestaoQIBI\Win32\Debug\files\files\font\yugothib.ttf
GestaoQIBI.exe: 00000454: 18:43:48 [TUniServerModule]:Shutting Down Server.
GestaoQIBI.exe: 00000454: 18:43:48 [TUniServerModule]:Stopping HTTP Server.
GestaoQIBI.exe: 00000454: 18:43:49 [TUniServerModule]:HTTP Server Stopped.
GestaoQIBI.exe: 00000454: 18:43:49 [TUniGUISessionManager]:Terminating Session manager.
GestaoQIBI.exe: 00000454: 18:43:49 [TUniGUISessionManager]:Stopping Cache Eraser...
GestaoQIBI.exe: 00000454: 18:43:49 [TUniGUISessionManager]:Cache Eraser Stopped.
GestaoQIBI.exe: 00000454: 18:43:49 [TUniGUISessionManager]:Destroying Worker Threads.
GestaoQIBI.exe: 00000454: 18:43:49 [TUniGUISessionManager]:Session manager terminated.
GestaoQIBI.exe: 00000454: 18:43:49 [TUniServerModule]:Server Shutdown Completed.
GestaoQIBI.exe: 00000454: 18:43:49 []:<-------------------------------------------------------------->
GestaoQIBI.exe: 00000454: 18:43:49 [Terminated]:Exit Code: 0
